[0m10:16:19.754201 [debug] [MainThread]: Sending event: {'category': 'dbt', 'action': 'invocation', 'label': 'start', 'context': [<snowplow_tracker.self_describing_json.SelfDescribingJson object at 0x00000233DD0856D0>, <snowplow_tracker.self_describing_json.SelfDescribingJson object at 0x00000233E074BA90>, <snowplow_tracker.self_describing_json.SelfDescribingJson object at 0x00000233E074BAD0>]}


============================== 10:16:19.760730 | ce7d102c-cd6d-4a8c-a8fb-1ce709d69cdc ==============================
[0m10:16:19.760730 [info ] [MainThread]: Running with dbt=1.10.15
[0m10:16:19.760730 [debug] [MainThread]: running dbt with arguments {'no_print': 'None', 'cache_selected_only': 'False', 'log_format': 'default', 'write_json': 'True', 'use_colors': 'True', 'warn_error': 'None', 'static_parser': 'True', 'partial_parse': 'True', 'fail_fast': 'False', 'send_anonymous_usage_stats': 'True', 'log_path': 'logs', 'warn_error_options': 'WarnErrorOptionsV2(error=[], warn=[], silence=[])', 'indirect_selection': 'eager', 'version_check': 'True', 'use_experimental_parser': 'False', 'introspect': 'True', 'quiet': 'False', 'empty': 'None', 'log_cache_events': 'False', 'debug': 'False', 'profiles_dir': 'C:\\Users\\BenoitOTTAVI\\DBT\\dbt-core\\.dbt', 'invocation_command': 'dbt init', 'printer_width': '80', 'target_path': 'None'}
[0m10:16:19.784438 [info ] [MainThread]: Creating dbt configuration folder at C:\Users\BenoitOTTAVI\DBT\dbt-core\.dbt
[0m10:16:28.074387 [debug] [MainThread]: Starter project path: C:\Users\BenoitOTTAVI\dbt_der-env\Lib\site-packages\dbt\include\starter_project
[0m10:16:28.265772 [info ] [MainThread]: 
Your new dbt project "dbt_airbnb" was created!

For more information on how to configure the profiles.yml file,
please consult the dbt documentation here:

  https://docs.getdbt.com/docs/configure-your-profile

One more thing:

Need help? Don't hesitate to reach out to us via GitHub issues or on Slack:

  https://community.getdbt.com/

Happy modeling!

[0m10:16:28.268220 [info ] [MainThread]: Setting up your profile.
[0m10:16:31.753538 [debug] [MainThread]: Snowflake adapter: Setting snowflake.connector to ERROR (file logging only)
[0m10:16:31.753538 [debug] [MainThread]: Snowflake adapter: Setting botocore to ERROR (file logging only)
[0m10:16:31.754548 [debug] [MainThread]: Snowflake adapter: Setting boto3 to ERROR (file logging only)
[0m10:17:10.272705 [info ] [MainThread]: Profile dbt_airbnb written to C:\Users\BenoitOTTAVI\DBT\dbt-core\.dbt\profiles.yml using target's profile_template.yml and your supplied values. Run 'dbt debug' to validate the connection.
[0m10:17:10.274860 [debug] [MainThread]: Command `dbt init` succeeded at 10:17:10.274860 after 50.66 seconds
[0m10:17:10.274860 [debug] [MainThread]: Sending event: {'category': 'dbt', 'action': 'invocation', 'label': 'end', 'context': [<snowplow_tracker.self_describing_json.SelfDescribingJson object at 0x00000233E0499E50>, <snowplow_tracker.self_describing_json.SelfDescribingJson object at 0x00000233D9CE2E90>, <snowplow_tracker.self_describing_json.SelfDescribingJson object at 0x00000233E06FB350>]}
[0m10:17:10.274860 [debug] [MainThread]: Flushing usage events
[0m10:17:10.947789 [debug] [MainThread]: An error was encountered while trying to flush usage events
[0m10:11:11.026271 [debug] [MainThread]: Sending event: {'category': 'dbt', 'action': 'invocation', 'label': 'start', 'context': [<snowplow_tracker.self_describing_json.SelfDescribingJson object at 0x000001EF7DBAD610>, <snowplow_tracker.self_describing_json.SelfDescribingJson object at 0x000001EF7DBAECD0>, <snowplow_tracker.self_describing_json.SelfDescribingJson object at 0x000001EF7DBAD3D0>]}


============================== 10:11:11.031407 | 19a4ab54-ccdf-4d10-9772-3d05912517c1 ==============================
[0m10:11:11.031407 [info ] [MainThread]: Running with dbt=1.10.15
[0m10:11:11.032342 [debug] [MainThread]: running dbt with arguments {'printer_width': '80', 'profiles_dir': 'C:\\Users\\BenoitOTTAVI\\DBT\\GIT dbt_airbnb\\dbt_airbnb', 'target_path': 'None', 'invocation_command': 'dbt ls', 'log_format': 'default', 'warn_error': 'None', 'static_parser': 'True', 'fail_fast': 'False', 'log_path': 'logs', 'send_anonymous_usage_stats': 'True', 'indirect_selection': 'eager', 'warn_error_options': 'WarnErrorOptionsV2(error=[], warn=[], silence=[])', 'partial_parse': 'True', 'version_check': 'True', 'use_experimental_parser': 'False', 'introspect': 'True', 'quiet': 'False', 'empty': 'None', 'log_cache_events': 'False', 'debug': 'False', 'no_print': 'None', 'use_colors': 'True', 'cache_selected_only': 'False', 'write_json': 'True'}
[0m10:11:11.032342 [error] [MainThread]: Encountered an error:
Runtime Error
  No dbt_project.yml found at expected path C:\Users\BenoitOTTAVI\DBT\GIT dbt_airbnb\dbt_project.yml
  Verify that each entry within packages.yml (and their transitive dependencies) contains a file named dbt_project.yml
  
[0m10:11:11.033331 [debug] [MainThread]: Command `dbt ls` failed at 10:11:11.033331 after 0.11 seconds
[0m10:11:11.034392 [debug] [MainThread]: Sending event: {'category': 'dbt', 'action': 'invocation', 'label': 'end', 'context': [<snowplow_tracker.self_describing_json.SelfDescribingJson object at 0x000001EF7DB8C550>, <snowplow_tracker.self_describing_json.SelfDescribingJson object at 0x000001EF7DB8C690>, <snowplow_tracker.self_describing_json.SelfDescribingJson object at 0x000001EF76E85390>]}
[0m10:11:11.034392 [debug] [MainThread]: Flushing usage events
[0m10:11:11.729655 [debug] [MainThread]: An error was encountered while trying to flush usage events
==================== 2026-02-09T08:54:54.198927Z | 019c419c-63f2-78f1-a7b4-53ce64779180 ====================
